[2015-05-27 10:46:51,761][SpringOsgiExtenderThread-19][sgiExtenderThread-19][INFO ][operties.PropertiesServiceBean]-++++++++++++++++++++++++++++++++++++++++++++++++++++++++++++++++++++++++++++++++
[2015-05-27 10:46:51,762][SpringOsgiExtenderThread-19][sgiExtenderThread-19][INFO ][operties.PropertiesServiceBean]-|                       PropertiesService is starting.                          |
[2015-05-27 10:46:51,762][SpringOsgiExtenderThread-19][sgiExtenderThread-19][INFO ][operties.PropertiesServiceBean]-++++++++++++++++++++++++++++++++++++++++++++++++++++++++++++++++++++++++++++++++
[2015-05-27 10:46:51,766][SpringOsgiExtenderThread-19][sgiExtenderThread-19][INFO ][operties.PropertiesServiceBean]-++++++++++++++++++++++++++++++++++++++++++++++++++++++++++++++++++++++++++++++++
[2015-05-27 10:46:51,766][SpringOsgiExtenderThread-19][sgiExtenderThread-19][INFO ][operties.PropertiesServiceBean]-|                       PropertiesService started.                             |
[2015-05-27 10:46:51,767][SpringOsgiExtenderThread-19][sgiExtenderThread-19][INFO ][operties.PropertiesServiceBean]-++++++++++++++++++++++++++++++++++++++++++++++++++++++++++++++++++++++++++++++++
[2015-05-27 10:46:51,792][SpringOsgiExtenderThread-23][sgiExtenderThread-23][INFO ][pool.ConnectionPoolServiceBean]-++++++++++++++++++++++++++++++++++++++++++++++++++++++++++++++++++++++++++++++++
[2015-05-27 10:46:51,792][SpringOsgiExtenderThread-23][sgiExtenderThread-23][INFO ][pool.ConnectionPoolServiceBean]-|                     ConnectionPoolService is starting.                       |
[2015-05-27 10:46:51,792][SpringOsgiExtenderThread-23][sgiExtenderThread-23][INFO ][pool.ConnectionPoolServiceBean]-++++++++++++++++++++++++++++++++++++++++++++++++++++++++++++++++++++++++++++++++
[2015-05-27 10:46:51,792][SpringOsgiExtenderThread-23][sgiExtenderThread-23][INFO ][pool.ConnectionPoolServiceBean]-ConnectionPoolServiceBean is reloading datasources!
[2015-05-27 10:46:51,800][SpringOsgiExtenderThread-23][sgiExtenderThread-23][INFO ][pool.ConnectionPoolServiceBean]-Initial datasource [mysql.rtm] DataSourceConfig [pool_name=mysql.rtm, jdbc_url=jdbc:mysql://172.31.24.7:3306/rtm_db?characterEncoding=utf-8&zeroDateTimeBehavior=convertToNull, user_name=rtm, password=rtm, driver_class=org.gjt.mm.mysql.Driver, init_pool_size=3, min_pool_size=1, max_pool_size=10, acquire_increment=3, idle_connection_test_period=60, max_idle_time=25000, acquire_retry_attempts=30, acquire_retry_delay=1000, auto_commit_on_close=true, test_connection_on_checkout=false, test_connection_on_checkin=false, break_after_acquire_failure=false, preferred_test_query=select 1]
[2015-05-27 10:46:51,801][SpringOsgiExtenderThread-23][sgiExtenderThread-23][INFO ][dbpool.internal.DataSourceC3P0]-DataSourceC3P0 initingDataSourceConfig [pool_name=mysql.rtm, jdbc_url=jdbc:mysql://172.31.24.7:3306/rtm_db?characterEncoding=utf-8&zeroDateTimeBehavior=convertToNull, user_name=rtm, password=rtm, driver_class=org.gjt.mm.mysql.Driver, init_pool_size=3, min_pool_size=1, max_pool_size=10, acquire_increment=3, idle_connection_test_period=60, max_idle_time=25000, acquire_retry_attempts=30, acquire_retry_delay=1000, auto_commit_on_close=true, test_connection_on_checkout=false, test_connection_on_checkin=false, break_after_acquire_failure=false, preferred_test_query=select 1]
[2015-05-27 10:46:51,822][SpringOsgiExtenderThread-22][sgiExtenderThread-22][INFO ][mmon.clear.LogClearServiceBean]-++++++++++++++++++++++++++++++++++++++++++++++++++++++++++++++++++++++++++++++++
[2015-05-27 10:46:51,823][SpringOsgiExtenderThread-22][sgiExtenderThread-22][INFO ][mmon.clear.LogClearServiceBean]-|                       LogClearService is starting.                           |
[2015-05-27 10:46:51,823][SpringOsgiExtenderThread-22][sgiExtenderThread-22][INFO ][mmon.clear.LogClearServiceBean]-++++++++++++++++++++++++++++++++++++++++++++++++++++++++++++++++++++++++++++++++
[2015-05-27 10:46:51,831][SpringOsgiExtenderThread-22][sgiExtenderThread-22][INFO ][mmon.clear.LogClearServiceBean]-++++++++++++++++++++++++++++++++++++++++++++++++++++++++++++++++++++++++++++++++
[2015-05-27 10:46:51,832][SpringOsgiExtenderThread-22][sgiExtenderThread-22][INFO ][mmon.clear.LogClearServiceBean]-|                       LogClearService started.                               |
[2015-05-27 10:46:51,832][SpringOsgiExtenderThread-22][sgiExtenderThread-22][INFO ][mmon.clear.LogClearServiceBean]-++++++++++++++++++++++++++++++++++++++++++++++++++++++++++++++++++++++++++++++++
[2015-05-27 10:46:51,914][SpringOsgiExtenderThread-23][sgiExtenderThread-23][INFO ][pool.ConnectionPoolServiceBean]-ConnectionPoolServiceBean finished reloading datasources!
[2015-05-27 10:46:51,914][SpringOsgiExtenderThread-23][sgiExtenderThread-23][INFO ][pool.ConnectionPoolServiceBean]-++++++++++++++++++++++++++++++++++++++++++++++++++++++++++++++++++++++++++++++++
[2015-05-27 10:46:51,914][SpringOsgiExtenderThread-23][sgiExtenderThread-23][INFO ][pool.ConnectionPoolServiceBean]-|                     ConnectionPoolService started.                           |
[2015-05-27 10:46:51,915][SpringOsgiExtenderThread-23][sgiExtenderThread-23][INFO ][pool.ConnectionPoolServiceBean]-++++++++++++++++++++++++++++++++++++++++++++++++++++++++++++++++++++++++++++++++
