[2015-05-27 10:46:50,989][Start Level Event Dispatcher][vel Event Dispatcher][INFO ][r.internal.boot.ChainActivator]-Blueprint API detected; enabling Blueprint Container functionality
[2015-05-27 10:46:51,002][Start Level Event Dispatcher][vel Event Dispatcher][INFO ][ctivator.ContextLoaderListener]-Starting [org.springframework.osgi.extender] bundle v.[2.0.0.M1]
[2015-05-27 10:46:51,079][Start Level Event Dispatcher][vel Event Dispatcher][INFO ][ctivator.ContextLoaderListener]-No custom extender configuration detected; using defaults...
[2015-05-27 10:46:51,085][Start Level Event Dispatcher][vel Event Dispatcher][INFO ][upport.ExtenderConfiguration$1]-Initializing Timer
[2015-05-27 10:46:51,152][Start Level Event Dispatcher][vel Event Dispatcher][INFO ][ivator.BlueprintLoaderListener]-Starting [org.springframework.osgi.extender] bundle v.[2.0.0.M1]
[2015-05-27 10:46:51,155][Start Level Event Dispatcher][vel Event Dispatcher][INFO ][ivator.BlueprintLoaderListener]-No custom extender configuration detected; using defaults...
[2015-05-27 10:46:51,155][Start Level Event Dispatcher][vel Event Dispatcher][INFO ][upport.ExtenderConfiguration$1]-Initializing Timer
[2015-05-27 10:46:51,199][Start Level Event Dispatcher][vel Event Dispatcher][INFO ][tOsgiApplicationContextCreator]-Discovered configurations {osgibundle:/META-INF/spring/*.xml} in bundle [common-util (common-util)]
[2015-05-27 10:46:51,218][Start Level Event Dispatcher][vel Event Dispatcher][INFO ][tOsgiApplicationContextCreator]-Discovered configurations {osgibundle:/META-INF/spring/*.xml} in bundle [common-connection-pool (common-connection-pool)]
[2015-05-27 10:46:51,219][SpringOsgiExtenderThread-1][OsgiExtenderThread-1][INFO ][sgiBundleXmlApplicationContext]-Refreshing OsgiBundleXmlApplicationContext(bundle=common-util, config=osgibundle:/META-INF/spring/*.xml): startup date [Wed May 27 10:46:51 UTC 2015]; root of context hierarchy
[2015-05-27 10:46:51,219][SpringOsgiExtenderThread-2][OsgiExtenderThread-2][INFO ][sgiBundleXmlApplicationContext]-Refreshing OsgiBundleXmlApplicationContext(bundle=common-connection-pool, config=osgibundle:/META-INF/spring/*.xml): startup date [Wed May 27 10:46:51 UTC 2015]; root of context hierarchy
[2015-05-27 10:46:51,220][SpringOsgiExtenderThread-1][OsgiExtenderThread-1][INFO ][sgiBundleXmlApplicationContext]-Application Context service already unpublished
[2015-05-27 10:46:51,220][SpringOsgiExtenderThread-2][OsgiExtenderThread-2][INFO ][sgiBundleXmlApplicationContext]-Application Context service already unpublished
[2015-05-27 10:46:51,220][Start Level Event Dispatcher][vel Event Dispatcher][INFO ][tOsgiApplicationContextCreator]-Discovered configurations {osgibundle:/META-INF/spring/*.xml} in bundle [common-properties (common-properties)]
[2015-05-27 10:46:51,221][SpringOsgiExtenderThread-3][OsgiExtenderThread-3][INFO ][sgiBundleXmlApplicationContext]-Refreshing OsgiBundleXmlApplicationContext(bundle=common-properties, config=osgibundle:/META-INF/spring/*.xml): startup date [Wed May 27 10:46:51 UTC 2015]; root of context hierarchy
[2015-05-27 10:46:51,222][SpringOsgiExtenderThread-3][OsgiExtenderThread-3][INFO ][sgiBundleXmlApplicationContext]-Application Context service already unpublished
[2015-05-27 10:46:51,222][Start Level Event Dispatcher][vel Event Dispatcher][INFO ][tOsgiApplicationContextCreator]-Discovered configurations {osgibundle:/META-INF/spring/*.xml} in bundle [common-clear (common-clear)]
[2015-05-27 10:46:51,223][SpringOsgiExtenderThread-4][OsgiExtenderThread-4][INFO ][sgiBundleXmlApplicationContext]-Refreshing OsgiBundleXmlApplicationContext(bundle=common-clear, config=osgibundle:/META-INF/spring/*.xml): startup date [Wed May 27 10:46:51 UTC 2015]; root of context hierarchy
[2015-05-27 10:46:51,223][SpringOsgiExtenderThread-4][OsgiExtenderThread-4][INFO ][sgiBundleXmlApplicationContext]-Application Context service already unpublished
[2015-05-27 10:46:51,224][Start Level Event Dispatcher][vel Event Dispatcher][INFO ][tOsgiApplicationContextCreator]-Discovered configurations {osgibundle:/META-INF/spring/*.xml} in bundle [itks-common (itks-common)]
[2015-05-27 10:46:51,225][SpringOsgiExtenderThread-5][OsgiExtenderThread-5][INFO ][sgiBundleXmlApplicationContext]-Refreshing OsgiBundleXmlApplicationContext(bundle=itks-common, config=osgibundle:/META-INF/spring/*.xml): startup date [Wed May 27 10:46:51 UTC 2015]; root of context hierarchy
[2015-05-27 10:46:51,226][SpringOsgiExtenderThread-5][OsgiExtenderThread-5][INFO ][sgiBundleXmlApplicationContext]-Application Context service already unpublished
[2015-05-27 10:46:51,226][Start Level Event Dispatcher][vel Event Dispatcher][INFO ][tOsgiApplicationContextCreator]-Discovered configurations {osgibundle:/META-INF/spring/*.xml} in bundle [rtm-common (rtm-common)]
[2015-05-27 10:46:51,227][SpringOsgiExtenderThread-6][OsgiExtenderThread-6][INFO ][sgiBundleXmlApplicationContext]-Refreshing OsgiBundleXmlApplicationContext(bundle=rtm-common, config=osgibundle:/META-INF/spring/*.xml): startup date [Wed May 27 10:46:51 UTC 2015]; root of context hierarchy
[2015-05-27 10:46:51,227][SpringOsgiExtenderThread-6][OsgiExtenderThread-6][INFO ][sgiBundleXmlApplicationContext]-Application Context service already unpublished
[2015-05-27 10:46:51,228][Start Level Event Dispatcher][vel Event Dispatcher][INFO ][tOsgiApplicationContextCreator]-Discovered configurations {osgibundle:/META-INF/spring/*.xml} in bundle [rtm-id (rtm-id)]
[2015-05-27 10:46:51,229][SpringOsgiExtenderThread-7][OsgiExtenderThread-7][INFO ][sgiBundleXmlApplicationContext]-Refreshing OsgiBundleXmlApplicationContext(bundle=rtm-id, config=osgibundle:/META-INF/spring/*.xml): startup date [Wed May 27 10:46:51 UTC 2015]; root of context hierarchy
[2015-05-27 10:46:51,230][SpringOsgiExtenderThread-7][OsgiExtenderThread-7][INFO ][sgiBundleXmlApplicationContext]-Application Context service already unpublished
[2015-05-27 10:46:51,230][Start Level Event Dispatcher][vel Event Dispatcher][INFO ][tOsgiApplicationContextCreator]-Discovered configurations {osgibundle:/META-INF/spring/*.xml} in bundle [rtm-cache (rtm-cache)]
[2015-05-27 10:46:51,231][SpringOsgiExtenderThread-8][OsgiExtenderThread-8][INFO ][sgiBundleXmlApplicationContext]-Refreshing OsgiBundleXmlApplicationContext(bundle=rtm-cache, config=osgibundle:/META-INF/spring/*.xml): startup date [Wed May 27 10:46:51 UTC 2015]; root of context hierarchy
[2015-05-27 10:46:51,231][SpringOsgiExtenderThread-8][OsgiExtenderThread-8][INFO ][sgiBundleXmlApplicationContext]-Application Context service already unpublished
[2015-05-27 10:46:51,232][Start Level Event Dispatcher][vel Event Dispatcher][INFO ][tOsgiApplicationContextCreator]-Discovered configurations {osgibundle:/META-INF/spring/*.xml} in bundle [rtm-rule (rtm-rule)]
[2015-05-27 10:46:51,233][SpringOsgiExtenderThread-9][OsgiExtenderThread-9][INFO ][sgiBundleXmlApplicationContext]-Refreshing OsgiBundleXmlApplicationContext(bundle=rtm-rule, config=osgibundle:/META-INF/spring/*.xml): startup date [Wed May 27 10:46:51 UTC 2015]; root of context hierarchy
[2015-05-27 10:46:51,233][SpringOsgiExtenderThread-9][OsgiExtenderThread-9][INFO ][sgiBundleXmlApplicationContext]-Application Context service already unpublished
[2015-05-27 10:46:51,234][Start Level Event Dispatcher][vel Event Dispatcher][INFO ][tOsgiApplicationContextCreator]-Discovered configurations {osgibundle:/META-INF/spring/*.xml} in bundle [rtm-lib (rtm-lib)]
[2015-05-27 10:46:51,235][SpringOsgiExtenderThread-10][sgiExtenderThread-10][INFO ][sgiBundleXmlApplicationContext]-Refreshing OsgiBundleXmlApplicationContext(bundle=rtm-lib, config=osgibundle:/META-INF/spring/*.xml): startup date [Wed May 27 10:46:51 UTC 2015]; root of context hierarchy
[2015-05-27 10:46:51,235][SpringOsgiExtenderThread-10][sgiExtenderThread-10][INFO ][sgiBundleXmlApplicationContext]-Application Context service already unpublished
[2015-05-27 10:46:51,236][Start Level Event Dispatcher][vel Event Dispatcher][INFO ][tOsgiApplicationContextCreator]-Discovered configurations {osgibundle:/META-INF/spring/*.xml} in bundle [rtm-task (rtm-task)]
[2015-05-27 10:46:51,237][SpringOsgiExtenderThread-11][sgiExtenderThread-11][INFO ][sgiBundleXmlApplicationContext]-Refreshing OsgiBundleXmlApplicationContext(bundle=rtm-task, config=osgibundle:/META-INF/spring/*.xml): startup date [Wed May 27 10:46:51 UTC 2015]; root of context hierarchy
[2015-05-27 10:46:51,237][SpringOsgiExtenderThread-11][sgiExtenderThread-11][INFO ][sgiBundleXmlApplicationContext]-Application Context service already unpublished
[2015-05-27 10:46:51,238][Start Level Event Dispatcher][vel Event Dispatcher][INFO ][tOsgiApplicationContextCreator]-Discovered configurations {osgibundle:/META-INF/spring/*.xml} in bundle [rtm-sale (rtm-sale)]
[2015-05-27 10:46:51,239][SpringOsgiExtenderThread-12][sgiExtenderThread-12][INFO ][sgiBundleXmlApplicationContext]-Refreshing OsgiBundleXmlApplicationContext(bundle=rtm-sale, config=osgibundle:/META-INF/spring/*.xml): startup date [Wed May 27 10:46:51 UTC 2015]; root of context hierarchy
[2015-05-27 10:46:51,239][SpringOsgiExtenderThread-12][sgiExtenderThread-12][INFO ][sgiBundleXmlApplicationContext]-Application Context service already unpublished
[2015-05-27 10:46:51,240][Start Level Event Dispatcher][vel Event Dispatcher][INFO ][tOsgiApplicationContextCreator]-Discovered configurations {osgibundle:/META-INF/spring/*.xml} in bundle [rtm-plugin (rtm-plugin)]
[2015-05-27 10:46:51,241][SpringOsgiExtenderThread-13][sgiExtenderThread-13][INFO ][sgiBundleXmlApplicationContext]-Refreshing OsgiBundleXmlApplicationContext(bundle=rtm-plugin, config=osgibundle:/META-INF/spring/*.xml): startup date [Wed May 27 10:46:51 UTC 2015]; root of context hierarchy
[2015-05-27 10:46:51,241][SpringOsgiExtenderThread-13][sgiExtenderThread-13][INFO ][sgiBundleXmlApplicationContext]-Application Context service already unpublished
[2015-05-27 10:46:51,242][Start Level Event Dispatcher][vel Event Dispatcher][INFO ][tOsgiApplicationContextCreator]-Discovered configurations {osgibundle:/META-INF/spring/*.xml} in bundle [rtm-result (rtm-result)]
[2015-05-27 10:46:51,243][SpringOsgiExtenderThread-14][sgiExtenderThread-14][INFO ][sgiBundleXmlApplicationContext]-Refreshing OsgiBundleXmlApplicationContext(bundle=rtm-result, config=osgibundle:/META-INF/spring/*.xml): startup date [Wed May 27 10:46:51 UTC 2015]; root of context hierarchy
[2015-05-27 10:46:51,243][SpringOsgiExtenderThread-14][sgiExtenderThread-14][INFO ][sgiBundleXmlApplicationContext]-Application Context service already unpublished
[2015-05-27 10:46:51,244][Start Level Event Dispatcher][vel Event Dispatcher][INFO ][tOsgiApplicationContextCreator]-Discovered configurations {osgibundle:/META-INF/spring/*.xml} in bundle [rtm-core (rtm-core)]
[2015-05-27 10:46:51,245][SpringOsgiExtenderThread-15][sgiExtenderThread-15][INFO ][sgiBundleXmlApplicationContext]-Refreshing OsgiBundleXmlApplicationContext(bundle=rtm-core, config=osgibundle:/META-INF/spring/*.xml): startup date [Wed May 27 10:46:51 UTC 2015]; root of context hierarchy
[2015-05-27 10:46:51,245][SpringOsgiExtenderThread-15][sgiExtenderThread-15][INFO ][sgiBundleXmlApplicationContext]-Application Context service already unpublished
[2015-05-27 10:46:51,245][Start Level Event Dispatcher][vel Event Dispatcher][INFO ][tOsgiApplicationContextCreator]-Discovered configurations {osgibundle:/META-INF/spring/*.xml} in bundle [rtm-api (rtm-api)]
[2015-05-27 10:46:51,247][SpringOsgiExtenderThread-16][sgiExtenderThread-16][INFO ][sgiBundleXmlApplicationContext]-Refreshing OsgiBundleXmlApplicationContext(bundle=rtm-api, config=osgibundle:/META-INF/spring/*.xml): startup date [Wed May 27 10:46:51 UTC 2015]; root of context hierarchy
[2015-05-27 10:46:51,247][SpringOsgiExtenderThread-16][sgiExtenderThread-16][INFO ][sgiBundleXmlApplicationContext]-Application Context service already unpublished
[2015-05-27 10:46:51,277][SpringOsgiExtenderThread-15][sgiExtenderThread-15][INFO ][ry.xml.XmlBeanDefinitionReader]-Loading XML bean definitions from URL [bundleentry://41.fwk1063563420/META-INF/spring/bundle-context-osgi.xml]
[2015-05-27 10:46:51,277][SpringOsgiExtenderThread-11][sgiExtenderThread-11][INFO ][ry.xml.XmlBeanDefinitionReader]-Loading XML bean definitions from URL [bundleentry://37.fwk1063563420/META-INF/spring/bundle-context-osgi.xml]
[2015-05-27 10:46:51,277][SpringOsgiExtenderThread-2][OsgiExtenderThread-2][INFO ][ry.xml.XmlBeanDefinitionReader]-Loading XML bean definitions from URL [bundleentry://28.fwk1063563420/META-INF/spring/bundle-context-osgi.xml]
[2015-05-27 10:46:51,278][SpringOsgiExtenderThread-5][OsgiExtenderThread-5][INFO ][ry.xml.XmlBeanDefinitionReader]-Loading XML bean definitions from URL [bundleentry://31.fwk1063563420/META-INF/spring/bundle-context-osgi.xml]
[2015-05-27 10:46:51,277][SpringOsgiExtenderThread-12][sgiExtenderThread-12][INFO ][ry.xml.XmlBeanDefinitionReader]-Loading XML bean definitions from URL [bundleentry://38.fwk1063563420/META-INF/spring/bundle-context-osgi.xml]
[2015-05-27 10:46:51,277][SpringOsgiExtenderThread-6][OsgiExtenderThread-6][INFO ][ry.xml.XmlBeanDefinitionReader]-Loading XML bean definitions from URL [bundleentry://32.fwk1063563420/META-INF/spring/bundle-context-osgi.xml]
[2015-05-27 10:46:51,277][SpringOsgiExtenderThread-14][sgiExtenderThread-14][INFO ][ry.xml.XmlBeanDefinitionReader]-Loading XML bean definitions from URL [bundleentry://40.fwk1063563420/META-INF/spring/bundle-context-osgi.xml]
[2015-05-27 10:46:51,278][SpringOsgiExtenderThread-1][OsgiExtenderThread-1][INFO ][ry.xml.XmlBeanDefinitionReader]-Loading XML bean definitions from URL [bundleentry://27.fwk1063563420/META-INF/spring/bundle-context-osgi.xml]
[2015-05-27 10:46:51,278][SpringOsgiExtenderThread-16][sgiExtenderThread-16][INFO ][ry.xml.XmlBeanDefinitionReader]-Loading XML bean definitions from URL [bundleentry://42.fwk1063563420/META-INF/spring/bundle-context-osgi.xml]
[2015-05-27 10:46:51,278][SpringOsgiExtenderThread-3][OsgiExtenderThread-3][INFO ][ry.xml.XmlBeanDefinitionReader]-Loading XML bean definitions from URL [bundleentry://29.fwk1063563420/META-INF/spring/bundle-context-osgi.xml]
[2015-05-27 10:46:51,278][SpringOsgiExtenderThread-8][OsgiExtenderThread-8][INFO ][ry.xml.XmlBeanDefinitionReader]-Loading XML bean definitions from URL [bundleentry://34.fwk1063563420/META-INF/spring/bundle-context-osgi.xml]
[2015-05-27 10:46:51,278][SpringOsgiExtenderThread-10][sgiExtenderThread-10][INFO ][ry.xml.XmlBeanDefinitionReader]-Loading XML bean definitions from URL [bundleentry://36.fwk1063563420/META-INF/spring/bundle-context-osgi.xml]
[2015-05-27 10:46:51,278][SpringOsgiExtenderThread-4][OsgiExtenderThread-4][INFO ][ry.xml.XmlBeanDefinitionReader]-Loading XML bean definitions from URL [bundleentry://30.fwk1063563420/META-INF/spring/bundle-context-osgi.xml]
[2015-05-27 10:46:51,278][SpringOsgiExtenderThread-7][OsgiExtenderThread-7][INFO ][ry.xml.XmlBeanDefinitionReader]-Loading XML bean definitions from URL [bundleentry://33.fwk1063563420/META-INF/spring/bundle-context-osgi.xml]
[2015-05-27 10:46:51,278][SpringOsgiExtenderThread-9][OsgiExtenderThread-9][INFO ][ry.xml.XmlBeanDefinitionReader]-Loading XML bean definitions from URL [bundleentry://35.fwk1063563420/META-INF/spring/bundle-context-osgi.xml]
[2015-05-27 10:46:51,278][SpringOsgiExtenderThread-13][sgiExtenderThread-13][INFO ][ry.xml.XmlBeanDefinitionReader]-Loading XML bean definitions from URL [bundleentry://39.fwk1063563420/META-INF/spring/bundle-context-osgi.xml]
[2015-05-27 10:46:51,538][SpringOsgiExtenderThread-5][OsgiExtenderThread-5][INFO ][ry.xml.XmlBeanDefinitionReader]-Loading XML bean definitions from URL [bundleentry://31.fwk1063563420/META-INF/spring/bundle-context.xml]
[2015-05-27 10:46:51,580][SpringOsgiExtenderThread-1][OsgiExtenderThread-1][INFO ][ry.xml.XmlBeanDefinitionReader]-Loading XML bean definitions from URL [bundleentry://27.fwk1063563420/META-INF/spring/bundle-context.xml]
[2015-05-27 10:46:51,603][SpringOsgiExtenderThread-12][sgiExtenderThread-12][INFO ][ry.xml.XmlBeanDefinitionReader]-Loading XML bean definitions from URL [bundleentry://38.fwk1063563420/META-INF/spring/bundle-context.xml]
[2015-05-27 10:46:51,604][SpringOsgiExtenderThread-6][OsgiExtenderThread-6][INFO ][ry.xml.XmlBeanDefinitionReader]-Loading XML bean definitions from URL [bundleentry://32.fwk1063563420/META-INF/spring/bundle-context.xml]
[2015-05-27 10:46:51,605][SpringOsgiExtenderThread-10][sgiExtenderThread-10][INFO ][ry.xml.XmlBeanDefinitionReader]-Loading XML bean definitions from URL [bundleentry://36.fwk1063563420/META-INF/spring/bundle-context.xml]
[2015-05-27 10:46:51,630][SpringOsgiExtenderThread-3][OsgiExtenderThread-3][INFO ][ry.xml.XmlBeanDefinitionReader]-Loading XML bean definitions from URL [bundleentry://29.fwk1063563420/META-INF/spring/bundle-context.xml]
[2015-05-27 10:46:51,634][SpringOsgiExtenderThread-7][OsgiExtenderThread-7][INFO ][ry.xml.XmlBeanDefinitionReader]-Loading XML bean definitions from URL [bundleentry://33.fwk1063563420/META-INF/spring/bundle-context.xml]
[2015-05-27 10:46:51,634][SpringOsgiExtenderThread-8][OsgiExtenderThread-8][INFO ][ry.xml.XmlBeanDefinitionReader]-Loading XML bean definitions from URL [bundleentry://34.fwk1063563420/META-INF/spring/bundle-context.xml]
[2015-05-27 10:46:51,644][SpringOsgiExtenderThread-16][sgiExtenderThread-16][INFO ][ry.xml.XmlBeanDefinitionReader]-Loading XML bean definitions from URL [bundleentry://42.fwk1063563420/META-INF/spring/bundle-context.xml]
[2015-05-27 10:46:51,644][SpringOsgiExtenderThread-9][OsgiExtenderThread-9][INFO ][ry.xml.XmlBeanDefinitionReader]-Loading XML bean definitions from URL [bundleentry://35.fwk1063563420/META-INF/spring/bundle-context.xml]
[2015-05-27 10:46:51,647][SpringOsgiExtenderThread-13][sgiExtenderThread-13][INFO ][ry.xml.XmlBeanDefinitionReader]-Loading XML bean definitions from URL [bundleentry://39.fwk1063563420/META-INF/spring/bundle-context.xml]
[2015-05-27 10:46:51,648][SpringOsgiExtenderThread-4][OsgiExtenderThread-4][INFO ][ry.xml.XmlBeanDefinitionReader]-Loading XML bean definitions from URL [bundleentry://30.fwk1063563420/META-INF/spring/bundle-context.xml]
[2015-05-27 10:46:51,650][SpringOsgiExtenderThread-14][sgiExtenderThread-14][INFO ][ry.xml.XmlBeanDefinitionReader]-Loading XML bean definitions from URL [bundleentry://40.fwk1063563420/META-INF/spring/bundle-context.xml]
[2015-05-27 10:46:51,650][SpringOsgiExtenderThread-15][sgiExtenderThread-15][INFO ][ry.xml.XmlBeanDefinitionReader]-Loading XML bean definitions from URL [bundleentry://41.fwk1063563420/META-INF/spring/bundle-context.xml]
[2015-05-27 10:46:51,665][SpringOsgiExtenderThread-11][sgiExtenderThread-11][INFO ][ry.xml.XmlBeanDefinitionReader]-Loading XML bean definitions from URL [bundleentry://37.fwk1063563420/META-INF/spring/bundle-context.xml]
[2015-05-27 10:46:51,667][SpringOsgiExtenderThread-5][OsgiExtenderThread-5][INFO ][iterApplicationContextExecutor]-No outstanding OSGi service dependencies, completing initialization for OsgiBundleXmlApplicationContext(bundle=itks-common, config=osgibundle:/META-INF/spring/*.xml)
[2015-05-27 10:46:51,672][SpringOsgiExtenderThread-17][sgiExtenderThread-17][INFO ][ort.DefaultListableBeanFactory]-Pre-instantiating singletons in org.springframework.beans.factory.support.DefaultListableBeanFactory@45c1cfc1: defining beans []; root of factory hierarchy
[2015-05-27 10:46:51,674][SpringOsgiExtenderThread-17][sgiExtenderThread-17][INFO ][sgiBundleXmlApplicationContext]-Publishing application context as OSGi service with properties {org.springframework.context.service.name=itks-common, Bundle-SymbolicName=itks-common, Bundle-Version=1.0.0}
[2015-05-27 10:46:51,678][SpringOsgiExtenderThread-17][sgiExtenderThread-17][INFO ][ctivator.ContextLoaderListener]-Application context successfully refreshed (OsgiBundleXmlApplicationContext(bundle=itks-common, config=osgibundle:/META-INF/spring/*.xml))
[2015-05-27 10:46:51,678][SpringOsgiExtenderThread-2][OsgiExtenderThread-2][INFO ][ry.xml.XmlBeanDefinitionReader]-Loading XML bean definitions from URL [bundleentry://28.fwk1063563420/META-INF/spring/bundle-context.xml]
[2015-05-27 10:46:51,707][SpringOsgiExtenderThread-1][OsgiExtenderThread-1][INFO ][iterApplicationContextExecutor]-No outstanding OSGi service dependencies, completing initialization for OsgiBundleXmlApplicationContext(bundle=common-util, config=osgibundle:/META-INF/spring/*.xml)
[2015-05-27 10:46:51,709][SpringOsgiExtenderThread-18][sgiExtenderThread-18][INFO ][ort.DefaultListableBeanFactory]-Pre-instantiating singletons in org.springframework.beans.factory.support.DefaultListableBeanFactory@58edf4c8: defining beans []; root of factory hierarchy
[2015-05-27 10:46:51,709][SpringOsgiExtenderThread-18][sgiExtenderThread-18][INFO ][sgiBundleXmlApplicationContext]-Publishing application context as OSGi service with properties {org.springframework.context.service.name=common-util, Bundle-SymbolicName=common-util, Bundle-Version=1.0.0}
[2015-05-27 10:46:51,711][SpringOsgiExtenderThread-18][sgiExtenderThread-18][INFO ][ctivator.ContextLoaderListener]-Application context successfully refreshed (OsgiBundleXmlApplicationContext(bundle=common-util, config=osgibundle:/META-INF/spring/*.xml))
[2015-05-27 10:46:51,729][SpringOsgiExtenderThread-3][OsgiExtenderThread-3][INFO ][iterApplicationContextExecutor]-No outstanding OSGi service dependencies, completing initialization for OsgiBundleXmlApplicationContext(bundle=common-properties, config=osgibundle:/META-INF/spring/*.xml)
[2015-05-27 10:46:51,731][SpringOsgiExtenderThread-19][sgiExtenderThread-19][INFO ][ort.DefaultListableBeanFactory]-Pre-instantiating singletons in org.springframework.beans.factory.support.DefaultListableBeanFactory@54b4b0a4: defining beans [propertiesServiceOSGi,propertiesServiceBean]; root of factory hierarchy
[2015-05-27 10:46:51,738][SpringOsgiExtenderThread-6][OsgiExtenderThread-6][INFO ][iterApplicationContextExecutor]-No outstanding OSGi service dependencies, completing initialization for OsgiBundleXmlApplicationContext(bundle=rtm-common, config=osgibundle:/META-INF/spring/*.xml)
[2015-05-27 10:46:51,740][SpringOsgiExtenderThread-20][sgiExtenderThread-20][INFO ][ort.DefaultListableBeanFactory]-Pre-instantiating singletons in org.springframework.beans.factory.support.DefaultListableBeanFactory@c9021e3: defining beans []; root of factory hierarchy
[2015-05-27 10:46:51,740][SpringOsgiExtenderThread-20][sgiExtenderThread-20][INFO ][sgiBundleXmlApplicationContext]-Publishing application context as OSGi service with properties {org.springframework.context.service.name=rtm-common, Bundle-SymbolicName=rtm-common, Bundle-Version=1.0.0}
[2015-05-27 10:46:51,742][SpringOsgiExtenderThread-20][sgiExtenderThread-20][INFO ][ctivator.ContextLoaderListener]-Application context successfully refreshed (OsgiBundleXmlApplicationContext(bundle=rtm-common, config=osgibundle:/META-INF/spring/*.xml))
[2015-05-27 10:46:51,762][SpringOsgiExtenderThread-12][sgiExtenderThread-12][INFO ][artup.DependencyServiceManager]-Adding OSGi service dependency for importer [&propertiesServiceOSGi] matching OSGi filter [(objectClass=com.ideal.osgi.framework.common.properties.PropertiesService)]
[2015-05-27 10:46:51,763][SpringOsgiExtenderThread-10][sgiExtenderThread-10][INFO ][artup.DependencyServiceManager]-Adding OSGi service dependency for importer [&propertiesServiceOSGi] matching OSGi filter [(objectClass=com.ideal.osgi.framework.common.properties.PropertiesService)]
[2015-05-27 10:46:51,763][SpringOsgiExtenderThread-12][sgiExtenderThread-12][INFO ][artup.DependencyServiceManager]-OsgiBundleXmlApplicationContext(bundle=rtm-sale, config=osgibundle:/META-INF/spring/*.xml) is waiting for unsatisfied dependencies [[&propertiesServiceOSGi]]
[2015-05-27 10:46:51,763][SpringOsgiExtenderThread-7][OsgiExtenderThread-7][INFO ][artup.DependencyServiceManager]-Adding OSGi service dependency for importer [&propertiesServiceOSGi] matching OSGi filter [(objectClass=com.ideal.osgi.framework.common.properties.PropertiesService)]
[2015-05-27 10:46:51,764][SpringOsgiExtenderThread-10][sgiExtenderThread-10][INFO ][artup.DependencyServiceManager]-Adding OSGi service dependency for importer [&marketingRuleServiceOSGi] matching OSGi filter [(objectClass=com.ideal.bigdata.rtm.rule.MarketingRuleService)]
[2015-05-27 10:46:51,764][SpringOsgiExtenderThread-7][OsgiExtenderThread-7][INFO ][artup.DependencyServiceManager]-Adding OSGi service dependency for importer [&connectionPoolServiceOSGi] matching OSGi filter [(objectClass=com.ideal.osgi.framework.common.dbpool.ConnectionPoolService)]
[2015-05-27 10:46:51,765][SpringOsgiExtenderThread-10][sgiExtenderThread-10][INFO ][artup.DependencyServiceManager]-Adding OSGi service dependency for importer [&connectionPoolServiceOSGi] matching OSGi filter [(objectClass=com.ideal.osgi.framework.common.dbpool.ConnectionPoolService)]
[2015-05-27 10:46:51,765][SpringOsgiExtenderThread-7][OsgiExtenderThread-7][INFO ][artup.DependencyServiceManager]-OsgiBundleXmlApplicationContext(bundle=rtm-id, config=osgibundle:/META-INF/spring/*.xml) is waiting for unsatisfied dependencies [[&propertiesServiceOSGi, &connectionPoolServiceOSGi]]
[2015-05-27 10:46:51,765][SpringOsgiExtenderThread-10][sgiExtenderThread-10][INFO ][artup.DependencyServiceManager]-Adding OSGi service dependency for importer [&idServiceOSGi] matching OSGi filter [(objectClass=com.ideal.bigdata.rtm.id.IDService)]
[2015-05-27 10:46:51,768][SpringOsgiExtenderThread-10][sgiExtenderThread-10][INFO ][artup.DependencyServiceManager]-OsgiBundleXmlApplicationContext(bundle=rtm-lib, config=osgibundle:/META-INF/spring/*.xml) is waiting for unsatisfied dependencies [[&propertiesServiceOSGi, &marketingRuleServiceOSGi, &connectionPoolServiceOSGi, &idServiceOSGi]]
[2015-05-27 10:46:51,771][SpringOsgiExtenderThread-19][sgiExtenderThread-19][INFO ][support.OsgiServiceFactoryBean]-Publishing service under classes [{com.ideal.osgi.framework.common.properties.PropertiesService}]
[2015-05-27 10:46:51,774][SpringOsgiExtenderThread-19][sgiExtenderThread-19][INFO ][artup.DependencyServiceManager]-No unsatisfied OSGi service dependencies; completing initialization for OsgiBundleXmlApplicationContext(bundle=rtm-sale, config=osgibundle:/META-INF/spring/*.xml)
[2015-05-27 10:46:51,776][SpringOsgiExtenderThread-4][OsgiExtenderThread-4][INFO ][iterApplicationContextExecutor]-No outstanding OSGi service dependencies, completing initialization for OsgiBundleXmlApplicationContext(bundle=common-clear, config=osgibundle:/META-INF/spring/*.xml)
[2015-05-27 10:46:51,777][SpringOsgiExtenderThread-19][sgiExtenderThread-19][INFO ][sgiBundleXmlApplicationContext]-Publishing application context as OSGi service with properties {org.springframework.context.service.name=common-properties, Bundle-SymbolicName=common-properties, Bundle-Version=1.0.0}
[2015-05-27 10:46:51,780][SpringOsgiExtenderThread-19][sgiExtenderThread-19][INFO ][ctivator.ContextLoaderListener]-Application context successfully refreshed (OsgiBundleXmlApplicationContext(bundle=common-properties, config=osgibundle:/META-INF/spring/*.xml))
[2015-05-27 10:46:51,784][SpringOsgiExtenderThread-2][OsgiExtenderThread-2][INFO ][iterApplicationContextExecutor]-No outstanding OSGi service dependencies, completing initialization for OsgiBundleXmlApplicationContext(bundle=common-connection-pool, config=osgibundle:/META-INF/spring/*.xml)
[2015-05-27 10:46:51,788][SpringOsgiExtenderThread-23][sgiExtenderThread-23][INFO ][ort.DefaultListableBeanFactory]-Pre-instantiating singletons in org.springframework.beans.factory.support.DefaultListableBeanFactory@506dd108: defining beans [connectionPoolServiceOSGi,connectionPoolCommandOSGi,connectionPoolServiceBean,connectionPoolCommandBean]; root of factory hierarchy
[2015-05-27 10:46:51,789][SpringOsgiExtenderThread-8][OsgiExtenderThread-8][INFO ][iterApplicationContextExecutor]-No outstanding OSGi service dependencies, completing initialization for OsgiBundleXmlApplicationContext(bundle=rtm-cache, config=osgibundle:/META-INF/spring/*.xml)
[2015-05-27 10:46:51,789][SpringOsgiExtenderThread-14][sgiExtenderThread-14][INFO ][artup.DependencyServiceManager]-Adding OSGi service dependency for importer [&connectionPoolServiceOSGi] matching OSGi filter [(objectClass=com.ideal.osgi.framework.common.dbpool.ConnectionPoolService)]
[2015-05-27 10:46:51,790][SpringOsgiExtenderThread-14][sgiExtenderThread-14][INFO ][artup.DependencyServiceManager]-Adding OSGi service dependency for importer [&whiteListServiceOSGi] matching OSGi filter [(objectClass=com.ideal.bigdata.rtm.rule.WhiteListService)]
[2015-05-27 10:46:51,790][SpringOsgiExtenderThread-14][sgiExtenderThread-14][INFO ][artup.DependencyServiceManager]-Adding OSGi service dependency for importer [&sendingRuleServiceOSGi] matching OSGi filter [(objectClass=com.ideal.bigdata.rtm.rule.SendingRuleService)]
[2015-05-27 10:46:51,791][SpringOsgiExtenderThread-14][sgiExtenderThread-14][INFO ][artup.DependencyServiceManager]-Adding OSGi service dependency for importer [&idServiceOSGi] matching OSGi filter [(objectClass=com.ideal.bigdata.rtm.id.IDService)]
[2015-05-27 10:46:51,792][SpringOsgiExtenderThread-14][sgiExtenderThread-14][INFO ][artup.DependencyServiceManager]-Adding OSGi service dependency for importer [&pluginServiceOSGi] matching OSGi filter [(objectClass=com.ideal.bigdata.rtm.plugin.PluginService)]
[2015-05-27 10:46:51,793][SpringOsgiExtenderThread-14][sgiExtenderThread-14][INFO ][artup.DependencyServiceManager]-Adding OSGi service dependency for importer [&marketingTaskServiceOSGi] matching OSGi filter [(objectClass=com.ideal.bigdata.rtm.task.MarketingTaskService)]
[2015-05-27 10:46:51,794][SpringOsgiExtenderThread-14][sgiExtenderThread-14][INFO ][artup.DependencyServiceManager]-Adding OSGi service dependency for importer [&cacheServiceOSGi] matching OSGi filter [(objectClass=com.ideal.bigdata.rtm.cache.CacheService)]
[2015-05-27 10:46:51,795][SpringOsgiExtenderThread-14][sgiExtenderThread-14][INFO ][artup.DependencyServiceManager]-Adding OSGi service dependency for importer [&sendingRuleResultServiceOSGi] matching OSGi filter [(objectClass=com.ideal.bigdata.rtm.plugin.SendingRuleResultService)]
[2015-05-27 10:46:51,795][SpringOsgiExtenderThread-14][sgiExtenderThread-14][INFO ][artup.DependencyServiceManager]-OsgiBundleXmlApplicationContext(bundle=rtm-result, config=osgibundle:/META-INF/spring/*.xml) is waiting for unsatisfied dependencies [[&connectionPoolServiceOSGi, &whiteListServiceOSGi, &sendingRuleServiceOSGi, &idServiceOSGi, &pluginServiceOSGi, &marketingTaskServiceOSGi, &cacheServiceOSGi, &sendingRuleResultServiceOSGi]]
[2015-05-27 10:46:51,796][SpringOsgiExtenderThread-9][OsgiExtenderThread-9][INFO ][artup.DependencyServiceManager]-Adding OSGi service dependency for importer [&connectionPoolServiceOSGi] matching OSGi filter [(objectClass=com.ideal.osgi.framework.common.dbpool.ConnectionPoolService)]
[2015-05-27 10:46:51,796][SpringOsgiExtenderThread-9][OsgiExtenderThread-9][INFO ][artup.DependencyServiceManager]-Adding OSGi service dependency for importer [&idServiceOSGi] matching OSGi filter [(objectClass=com.ideal.bigdata.rtm.id.IDService)]
[2015-05-27 10:46:51,797][SpringOsgiExtenderThread-9][OsgiExtenderThread-9][INFO ][artup.DependencyServiceManager]-OsgiBundleXmlApplicationContext(bundle=rtm-rule, config=osgibundle:/META-INF/spring/*.xml) is waiting for unsatisfied dependencies [[&connectionPoolServiceOSGi, &idServiceOSGi]]
[2015-05-27 10:46:51,803][SpringOsgiExtenderThread-11][sgiExtenderThread-11][INFO ][artup.DependencyServiceManager]-Adding OSGi service dependency for importer [&connectionPoolServiceOSGi] matching OSGi filter [(objectClass=com.ideal.osgi.framework.common.dbpool.ConnectionPoolService)]
[2015-05-27 10:46:51,803][SpringOsgiExtenderThread-13][sgiExtenderThread-13][INFO ][artup.DependencyServiceManager]-Adding OSGi service dependency for importer [&sendingRuleServiceOSGi] matching OSGi filter [(objectClass=com.ideal.bigdata.rtm.rule.SendingRuleService)]
[2015-05-27 10:46:51,803][SpringOsgiExtenderThread-11][sgiExtenderThread-11][INFO ][artup.DependencyServiceManager]-Adding OSGi service dependency for importer [&appLibServiceOSGi] matching OSGi filter [(objectClass=com.ideal.bigdata.rtm.lib.AppLibService)]
[2015-05-27 10:46:51,804][SpringOsgiExtenderThread-11][sgiExtenderThread-11][INFO ][artup.DependencyServiceManager]-Adding OSGi service dependency for importer [&keywordLibServiceOSGi] matching OSGi filter [(objectClass=com.ideal.bigdata.rtm.lib.KeywordLibService)]
[2015-05-27 10:46:51,804][SpringOsgiExtenderThread-13][sgiExtenderThread-13][INFO ][artup.DependencyServiceManager]-Adding OSGi service dependency for importer [&connectionPoolServiceOSGi] matching OSGi filter [(objectClass=com.ideal.osgi.framework.common.dbpool.ConnectionPoolService)]
[2015-05-27 10:46:51,804][SpringOsgiExtenderThread-11][sgiExtenderThread-11][INFO ][artup.DependencyServiceManager]-Adding OSGi service dependency for importer [&urlLibServiceOSGi] matching OSGi filter [(objectClass=com.ideal.bigdata.rtm.lib.URLLibService)]
[2015-05-27 10:46:51,805][SpringOsgiExtenderThread-11][sgiExtenderThread-11][INFO ][artup.DependencyServiceManager]-Adding OSGi service dependency for importer [&idServiceOSGi] matching OSGi filter [(objectClass=com.ideal.bigdata.rtm.id.IDService)]
[2015-05-27 10:46:51,805][SpringOsgiExtenderThread-13][sgiExtenderThread-13][INFO ][artup.DependencyServiceManager]-Adding OSGi service dependency for importer [&idServiceOSGi] matching OSGi filter [(objectClass=com.ideal.bigdata.rtm.id.IDService)]
[2015-05-27 10:46:51,805][SpringOsgiExtenderThread-11][sgiExtenderThread-11][INFO ][artup.DependencyServiceManager]-OsgiBundleXmlApplicationContext(bundle=rtm-task, config=osgibundle:/META-INF/spring/*.xml) is waiting for unsatisfied dependencies [[&connectionPoolServiceOSGi, &appLibServiceOSGi, &keywordLibServiceOSGi, &urlLibServiceOSGi, &idServiceOSGi]]
[2015-05-27 10:46:51,806][SpringOsgiExtenderThread-13][sgiExtenderThread-13][INFO ][artup.DependencyServiceManager]-Adding OSGi service dependency for importer [&taskMessageContentServiceOSGi] matching OSGi filter [(objectClass=com.ideal.bigdata.rtm.rule.TaskMessageContentService)]
[2015-05-27 10:46:51,807][SpringOsgiExtenderThread-13][sgiExtenderThread-13][INFO ][artup.DependencyServiceManager]-Adding OSGi service dependency for importer [&sendEmailServiceOSGi] matching OSGi filter [(objectClass=com.ideal.bigdata.rtm.sale.SendEmailService)]
[2015-05-27 10:46:51,808][SpringOsgiExtenderThread-13][sgiExtenderThread-13][INFO ][artup.DependencyServiceManager]-Adding OSGi service dependency for importer [&cacheServiceOSGi] matching OSGi filter [(objectClass=com.ideal.bigdata.rtm.cache.CacheService)]
[2015-05-27 10:46:51,808][SpringOsgiExtenderThread-13][sgiExtenderThread-13][INFO ][artup.DependencyServiceManager]-OsgiBundleXmlApplicationContext(bundle=rtm-plugin, config=osgibundle:/META-INF/spring/*.xml) is waiting for unsatisfied dependencies [[&sendingRuleServiceOSGi, &connectionPoolServiceOSGi, &idServiceOSGi, &taskMessageContentServiceOSGi, &sendEmailServiceOSGi, &cacheServiceOSGi]]
[2015-05-27 10:46:51,808][SpringOsgiExtenderThread-15][sgiExtenderThread-15][INFO ][artup.DependencyServiceManager]-Adding OSGi service dependency for importer [&marketingTaskServiceOSGi] matching OSGi filter [(objectClass=com.ideal.bigdata.rtm.task.MarketingTaskService)]
[2015-05-27 10:46:51,809][SpringOsgiExtenderThread-15][sgiExtenderThread-15][INFO ][artup.DependencyServiceManager]-Adding OSGi service dependency for importer [&marketingRuleServiceOSGi] matching OSGi filter [(objectClass=com.ideal.bigdata.rtm.rule.MarketingRuleService)]
[2015-05-27 10:46:51,810][SpringOsgiExtenderThread-15][sgiExtenderThread-15][INFO ][artup.DependencyServiceManager]-Adding OSGi service dependency for importer [&marketingRuleResultServiceOSGi] matching OSGi filter [(objectClass=com.ideal.bigdata.rtm.result.MarketingRuleResultService)]
[2015-05-27 10:46:51,811][SpringOsgiExtenderThread-15][sgiExtenderThread-15][INFO ][artup.DependencyServiceManager]-Adding OSGi service dependency for importer [&connectionPoolServiceOSGi] matching OSGi filter [(objectClass=com.ideal.osgi.framework.common.dbpool.ConnectionPoolService)]
[2015-05-27 10:46:51,811][SpringOsgiExtenderThread-15][sgiExtenderThread-15][INFO ][artup.DependencyServiceManager]-OsgiBundleXmlApplicationContext(bundle=rtm-core, config=osgibundle:/META-INF/spring/*.xml) is waiting for unsatisfied dependencies [[&marketingTaskServiceOSGi, &marketingRuleServiceOSGi, &marketingRuleResultServiceOSGi, &connectionPoolServiceOSGi]]
[2015-05-27 10:46:51,815][SpringOsgiExtenderThread-22][sgiExtenderThread-22][INFO ][ort.DefaultListableBeanFactory]-Pre-instantiating singletons in org.springframework.beans.factory.support.DefaultListableBeanFactory@5b13cf49: defining beans [logClearServiceOSGi,propertiesServiceOSGi,logClearServiceBean]; root of factory hierarchy
[2015-05-27 10:46:51,817][SpringOsgiExtenderThread-24][sgiExtenderThread-24][INFO ][ort.DefaultListableBeanFactory]-Pre-instantiating singletons in org.springframework.beans.factory.support.DefaultListableBeanFactory@280c3c44: defining beans [cacheServiceOSGi,propertiesServiceOSGi,cacheServiceBean,flowRedisDAOBean,liuliangbaoRedisDAOBean,mingxingjiRedisDAOBean,userInfoRedisDAOBean]; root of factory hierarchy
[2015-05-27 10:46:51,818][SpringOsgiExtenderThread-21][sgiExtenderThread-21][INFO ][ort.DefaultListableBeanFactory]-Pre-instantiating singletons in org.springframework.beans.factory.support.DefaultListableBeanFactory@12a4ed99: defining beans [sendEmailServiceOSGi,saleCommandOSGi,propertiesServiceOSGi,sendEmailServiceBean,saleCommandBean]; root of factory hierarchy
[2015-05-27 10:46:51,832][SpringOsgiExtenderThread-16][sgiExtenderThread-16][INFO ][artup.DependencyServiceManager]-Adding OSGi service dependency for importer [&connectionPoolServiceOSGi] matching OSGi filter [(objectClass=com.ideal.osgi.framework.common.dbpool.ConnectionPoolService)]
[2015-05-27 10:46:51,833][SpringOsgiExtenderThread-22][sgiExtenderThread-22][INFO ][support.OsgiServiceFactoryBean]-Publishing service under classes [{com.ideal.osgi.framework.common.clear.LogClearService}]
[2015-05-27 10:46:51,833][SpringOsgiExtenderThread-16][sgiExtenderThread-16][INFO ][artup.DependencyServiceManager]-Adding OSGi service dependency for importer [&appLibServiceOSGi] matching OSGi filter [(objectClass=com.ideal.bigdata.rtm.lib.AppLibService)]
[2015-05-27 10:46:51,834][SpringOsgiExtenderThread-16][sgiExtenderThread-16][INFO ][artup.DependencyServiceManager]-Adding OSGi service dependency for importer [&keywordLibServiceOSGi] matching OSGi filter [(objectClass=com.ideal.bigdata.rtm.lib.KeywordLibService)]
[2015-05-27 10:46:51,835][SpringOsgiExtenderThread-22][sgiExtenderThread-22][INFO ][sgiBundleXmlApplicationContext]-Publishing application context as OSGi service with properties {org.springframework.context.service.name=common-clear, Bundle-SymbolicName=common-clear, Bundle-Version=1.0.0}
[2015-05-27 10:46:51,835][SpringOsgiExtenderThread-16][sgiExtenderThread-16][INFO ][artup.DependencyServiceManager]-Adding OSGi service dependency for importer [&urlLibServiceOSGi] matching OSGi filter [(objectClass=com.ideal.bigdata.rtm.lib.URLLibService)]
[2015-05-27 10:46:51,836][SpringOsgiExtenderThread-16][sgiExtenderThread-16][INFO ][artup.DependencyServiceManager]-Adding OSGi service dependency for importer [&hobbyLibServiceOSGi] matching OSGi filter [(objectClass=com.ideal.bigdata.rtm.lib.HobbyLibService)]
[2015-05-27 10:46:51,837][SpringOsgiExtenderThread-22][sgiExtenderThread-22][INFO ][ctivator.ContextLoaderListener]-Application context successfully refreshed (OsgiBundleXmlApplicationContext(bundle=common-clear, config=osgibundle:/META-INF/spring/*.xml))
[2015-05-27 10:46:51,837][SpringOsgiExtenderThread-16][sgiExtenderThread-16][INFO ][artup.DependencyServiceManager]-Adding OSGi service dependency for importer [&realtimeResultServiceOSGi] matching OSGi filter [(objectClass=com.ideal.bigdata.rtm.core.RealtimeResultService)]
[2015-05-27 10:46:51,838][SpringOsgiExtenderThread-16][sgiExtenderThread-16][INFO ][artup.DependencyServiceManager]-Adding OSGi service dependency for importer [&whiteListServiceOSGi] matching OSGi filter [(objectClass=com.ideal.bigdata.rtm.rule.WhiteListService)]
[2015-05-27 10:46:51,839][SpringOsgiExtenderThread-16][sgiExtenderThread-16][INFO ][artup.DependencyServiceManager]-Adding OSGi service dependency for importer [&marketingRuleServiceOSGi] matching OSGi filter [(objectClass=com.ideal.bigdata.rtm.rule.MarketingRuleService)]
[2015-05-27 10:46:51,839][SpringOsgiExtenderThread-21][sgiExtenderThread-21][INFO ][support.OsgiServiceFactoryBean]-Publishing service under classes [{com.ideal.bigdata.rtm.sale.SendEmailService}]
[2015-05-27 10:46:51,840][SpringOsgiExtenderThread-16][sgiExtenderThread-16][INFO ][artup.DependencyServiceManager]-Adding OSGi service dependency for importer [&marketingTaskServiceOSGi] matching OSGi filter [(objectClass=com.ideal.bigdata.rtm.task.MarketingTaskService)]
[2015-05-27 10:46:51,841][SpringOsgiExtenderThread-16][sgiExtenderThread-16][INFO ][artup.DependencyServiceManager]-Adding OSGi service dependency for importer [&sendingRuleServiceOSGi] matching OSGi filter [(objectClass=com.ideal.bigdata.rtm.rule.SendingRuleService)]
[2015-05-27 10:46:51,842][SpringOsgiExtenderThread-16][sgiExtenderThread-16][INFO ][artup.DependencyServiceManager]-Adding OSGi service dependency for importer [&taskMessageContentServiceOSGi] matching OSGi filter [(objectClass=com.ideal.bigdata.rtm.rule.TaskMessageContentService)]
[2015-05-27 10:46:51,843][SpringOsgiExtenderThread-16][sgiExtenderThread-16][INFO ][artup.DependencyServiceManager]-Adding OSGi service dependency for importer [&pluginServiceOSGi] matching OSGi filter [(objectClass=com.ideal.bigdata.rtm.plugin.PluginService)]
[2015-05-27 10:46:51,843][SpringOsgiExtenderThread-16][sgiExtenderThread-16][INFO ][artup.DependencyServiceManager]-OsgiBundleXmlApplicationContext(bundle=rtm-api, config=osgibundle:/META-INF/spring/*.xml) is waiting for unsatisfied dependencies [[&connectionPoolServiceOSGi, &appLibServiceOSGi, &keywordLibServiceOSGi, &urlLibServiceOSGi, &hobbyLibServiceOSGi, &realtimeResultServiceOSGi, &whiteListServiceOSGi, &marketingRuleServiceOSGi, &marketingTaskServiceOSGi, &sendingRuleServiceOSGi, &taskMessageContentServiceOSGi, &pluginServiceOSGi]]
[2015-05-27 10:46:51,843][SpringOsgiExtenderThread-21][sgiExtenderThread-21][INFO ][support.OsgiServiceFactoryBean]-Publishing service under classes [{com.ideal.bigdata.rtm.sale.SaleCommand, org.eclipse.osgi.framework.console.CommandProvider}]
[2015-05-27 10:46:51,846][SpringOsgiExtenderThread-21][sgiExtenderThread-21][INFO ][sgiBundleXmlApplicationContext]-Publishing application context as OSGi service with properties {org.springframework.context.service.name=rtm-sale, Bundle-SymbolicName=rtm-sale, Bundle-Version=1.0.0}
[2015-05-27 10:46:51,848][SpringOsgiExtenderThread-21][sgiExtenderThread-21][INFO ][ctivator.ContextLoaderListener]-Application context successfully refreshed (OsgiBundleXmlApplicationContext(bundle=rtm-sale, config=osgibundle:/META-INF/spring/*.xml))
[2015-05-27 10:46:51,900][SpringOsgiExtenderThread-24][sgiExtenderThread-24][INFO ][support.OsgiServiceFactoryBean]-Publishing service under classes [{com.ideal.bigdata.rtm.cache.CacheService}]
[2015-05-27 10:46:51,902][SpringOsgiExtenderThread-24][sgiExtenderThread-24][INFO ][sgiBundleXmlApplicationContext]-Publishing application context as OSGi service with properties {org.springframework.context.service.name=rtm-cache, Bundle-SymbolicName=rtm-cache, Bundle-Version=1.0.0}
[2015-05-27 10:46:51,905][SpringOsgiExtenderThread-24][sgiExtenderThread-24][INFO ][ctivator.ContextLoaderListener]-Application context successfully refreshed (OsgiBundleXmlApplicationContext(bundle=rtm-cache, config=osgibundle:/META-INF/spring/*.xml))
[2015-05-27 10:46:51,915][SpringOsgiExtenderThread-23][sgiExtenderThread-23][INFO ][support.OsgiServiceFactoryBean]-Publishing service under classes [{com.ideal.osgi.framework.common.dbpool.ConnectionPoolService}]
[2015-05-27 10:46:51,917][SpringOsgiExtenderThread-23][sgiExtenderThread-23][INFO ][artup.DependencyServiceManager]-No unsatisfied OSGi service dependencies; completing initialization for OsgiBundleXmlApplicationContext(bundle=rtm-id, config=osgibundle:/META-INF/spring/*.xml)
[2015-05-27 10:46:51,922][SpringOsgiExtenderThread-23][sgiExtenderThread-23][INFO ][support.OsgiServiceFactoryBean]-Publishing service under classes [{com.ideal.osgi.framework.common.dbpool.ConnectionPoolCommand, org.eclipse.osgi.framework.console.CommandProvider}]
[2015-05-27 10:46:51,925][SpringOsgiExtenderThread-23][sgiExtenderThread-23][INFO ][sgiBundleXmlApplicationContext]-Publishing application context as OSGi service with properties {org.springframework.context.service.name=common-connection-pool, Bundle-SymbolicName=common-connection-pool, Bundle-Version=1.0.0}
[2015-05-27 10:46:51,928][SpringOsgiExtenderThread-23][sgiExtenderThread-23][INFO ][ctivator.ContextLoaderListener]-Application context successfully refreshed (OsgiBundleXmlApplicationContext(bundle=common-connection-pool, config=osgibundle:/META-INF/spring/*.xml))
[2015-05-27 10:46:51,931][SpringOsgiExtenderThread-25][sgiExtenderThread-25][INFO ][ort.DefaultListableBeanFactory]-Pre-instantiating singletons in org.springframework.beans.factory.support.DefaultListableBeanFactory@4fe2fe5d: defining beans [idServiceOSGi,propertiesServiceOSGi,connectionPoolServiceOSGi,idMysqlDAOBean,idServiceBean]; root of factory hierarchy
[2015-05-27 10:46:51,943][SpringOsgiExtenderThread-25][sgiExtenderThread-25][INFO ][support.OsgiServiceFactoryBean]-Publishing service under classes [{com.ideal.bigdata.rtm.id.IDService}]
[2015-05-27 10:46:51,945][SpringOsgiExtenderThread-25][sgiExtenderThread-25][INFO ][artup.DependencyServiceManager]-No unsatisfied OSGi service dependencies; completing initialization for OsgiBundleXmlApplicationContext(bundle=rtm-rule, config=osgibundle:/META-INF/spring/*.xml)
[2015-05-27 10:46:51,946][SpringOsgiExtenderThread-25][sgiExtenderThread-25][INFO ][sgiBundleXmlApplicationContext]-Publishing application context as OSGi service with properties {org.springframework.context.service.name=rtm-id, Bundle-SymbolicName=rtm-id, Bundle-Version=1.0.0}
[2015-05-27 10:46:51,950][SpringOsgiExtenderThread-25][sgiExtenderThread-25][INFO ][ctivator.ContextLoaderListener]-Application context successfully refreshed (OsgiBundleXmlApplicationContext(bundle=rtm-id, config=osgibundle:/META-INF/spring/*.xml))
[2015-05-27 10:46:51,965][SpringOsgiExtenderThread-26][sgiExtenderThread-26][INFO ][ort.DefaultListableBeanFactory]-Pre-instantiating singletons in org.springframework.beans.factory.support.DefaultListableBeanFactory@bd5d765: defining beans [whiteListServiceOSGi,sendingRuleServiceOSGi,marketingRuleServiceOSGi,taskMessageContentServiceOSGi,propertiesServiceOSGi,connectionPoolServiceOSGi,idServiceOSGi,whiteListServiceBean,whiteListDAOMysqlBean,sendingRuleServiceBean,sendingRuleDAOMysqlBean,marketingRuleServiceBean,marketingRuleDAOMysqlBean,taskMessageContentServiceBean,taskMessageContentDAOMysqlBean]; root of factory hierarchy
[2015-05-27 10:46:52,311][SpringOsgiExtenderThread-26][sgiExtenderThread-26][INFO ][support.OsgiServiceFactoryBean]-Publishing service under classes [{com.ideal.bigdata.rtm.rule.WhiteListService}]
[2015-05-27 10:46:52,321][SpringOsgiExtenderThread-26][sgiExtenderThread-26][INFO ][support.OsgiServiceFactoryBean]-Publishing service under classes [{com.ideal.bigdata.rtm.rule.SendingRuleService}]
[2015-05-27 10:46:52,332][SpringOsgiExtenderThread-26][sgiExtenderThread-26][INFO ][support.OsgiServiceFactoryBean]-Publishing service under classes [{com.ideal.bigdata.rtm.rule.MarketingRuleService}]
[2015-05-27 10:46:52,333][SpringOsgiExtenderThread-26][sgiExtenderThread-26][INFO ][artup.DependencyServiceManager]-No unsatisfied OSGi service dependencies; completing initialization for OsgiBundleXmlApplicationContext(bundle=rtm-lib, config=osgibundle:/META-INF/spring/*.xml)
[2015-05-27 10:46:52,344][SpringOsgiExtenderThread-26][sgiExtenderThread-26][INFO ][support.OsgiServiceFactoryBean]-Publishing service under classes [{com.ideal.bigdata.rtm.rule.TaskMessageContentService}]
[2015-05-27 10:46:52,346][SpringOsgiExtenderThread-26][sgiExtenderThread-26][INFO ][artup.DependencyServiceManager]-No unsatisfied OSGi service dependencies; completing initialization for OsgiBundleXmlApplicationContext(bundle=rtm-plugin, config=osgibundle:/META-INF/spring/*.xml)
[2015-05-27 10:46:52,348][SpringOsgiExtenderThread-26][sgiExtenderThread-26][INFO ][sgiBundleXmlApplicationContext]-Publishing application context as OSGi service with properties {org.springframework.context.service.name=rtm-rule, Bundle-SymbolicName=rtm-rule, Bundle-Version=1.0.0}
[2015-05-27 10:46:52,352][SpringOsgiExtenderThread-26][sgiExtenderThread-26][INFO ][ctivator.ContextLoaderListener]-Application context successfully refreshed (OsgiBundleXmlApplicationContext(bundle=rtm-rule, config=osgibundle:/META-INF/spring/*.xml))
[2015-05-27 10:46:52,364][SpringOsgiExtenderThread-27][sgiExtenderThread-27][INFO ][ort.DefaultListableBeanFactory]-Pre-instantiating singletons in org.springframework.beans.factory.support.DefaultListableBeanFactory@390b755d: defining beans [appLibServiceOSGi,keywordLibServiceOSGi,urlLibServiceOSGi,hobbyLibServiceOSGi,marketingFeedbackServiceOSGi,propertiesServiceOSGi,marketingRuleServiceOSGi,connectionPoolServiceOSGi,idServiceOSGi,appLibServiceBean,keywordLibServiceBean,urlLibServiceBean,hobbyLibServiceBean,appLibMysqlDAOBean,keywordLibMysqlDAOBean,urlLibMysqlDAOBean,hobbyLibMysqlDAOBean,marketingFeedbackMysqlDAOBean,appLibRedisDAOBean,keywordLibRedisDAOBean,urlLibRedisDAOBean,marketingFeedbackServiceBean]; root of factory hierarchy
[2015-05-27 10:46:52,381][SpringOsgiExtenderThread-28][sgiExtenderThread-28][INFO ][ort.DefaultListableBeanFactory]-Pre-instantiating singletons in org.springframework.beans.factory.support.DefaultListableBeanFactory@54992725: defining beans [pluginCommandOSGi,pluginServiceOSGi,sendingRuleResultServiceOSGi,sendingRuleServiceOSGi,propertiesServiceOSGi,connectionPoolServiceOSGi,idServiceOSGi,taskMessageContentServiceOSGi,sendEmailServiceOSGi,cacheServiceOSGi,pluginCommandBean,pluginServiceBean,sendingRuleResultServiceBean,pluginDAOMysqlBean,sendingRuleResultDAOMysqlBean]; root of factory hierarchy
[2015-05-27 10:46:52,403][SpringOsgiExtenderThread-27][sgiExtenderThread-27][INFO ][support.OsgiServiceFactoryBean]-Publishing service under classes [{com.ideal.bigdata.rtm.lib.AppLibService}]
[2015-05-27 10:46:52,420][SpringOsgiExtenderThread-28][sgiExtenderThread-28][INFO ][support.OsgiServiceFactoryBean]-Publishing service under classes [{com.ideal.bigdata.rtm.plugin.PluginCommand, org.eclipse.osgi.framework.console.CommandProvider}]
[2015-05-27 10:46:52,421][SpringOsgiExtenderThread-27][sgiExtenderThread-27][INFO ][support.OsgiServiceFactoryBean]-Publishing service under classes [{com.ideal.bigdata.rtm.lib.KeywordLibService}]
[2015-05-27 10:46:52,428][SpringOsgiExtenderThread-28][sgiExtenderThread-28][INFO ][support.OsgiServiceFactoryBean]-Publishing service under classes [{com.ideal.bigdata.rtm.plugin.PluginService}]
[2015-05-27 10:46:52,431][SpringOsgiExtenderThread-28][sgiExtenderThread-28][INFO ][support.OsgiServiceFactoryBean]-Publishing service under classes [{com.ideal.bigdata.rtm.plugin.SendingRuleResultService}]
[2015-05-27 10:46:52,434][SpringOsgiExtenderThread-28][sgiExtenderThread-28][INFO ][sgiBundleXmlApplicationContext]-Publishing application context as OSGi service with properties {org.springframework.context.service.name=rtm-plugin, Bundle-SymbolicName=rtm-plugin, Bundle-Version=1.0.0}
[2015-05-27 10:46:52,439][SpringOsgiExtenderThread-28][sgiExtenderThread-28][INFO ][ctivator.ContextLoaderListener]-Application context successfully refreshed (OsgiBundleXmlApplicationContext(bundle=rtm-plugin, config=osgibundle:/META-INF/spring/*.xml))
[2015-05-27 10:46:52,455][SpringOsgiExtenderThread-27][sgiExtenderThread-27][INFO ][support.OsgiServiceFactoryBean]-Publishing service under classes [{com.ideal.bigdata.rtm.lib.URLLibService}]
[2015-05-27 10:46:52,457][SpringOsgiExtenderThread-27][sgiExtenderThread-27][INFO ][artup.DependencyServiceManager]-No unsatisfied OSGi service dependencies; completing initialization for OsgiBundleXmlApplicationContext(bundle=rtm-task, config=osgibundle:/META-INF/spring/*.xml)
[2015-05-27 10:46:52,472][SpringOsgiExtenderThread-27][sgiExtenderThread-27][INFO ][support.OsgiServiceFactoryBean]-Publishing service under classes [{com.ideal.bigdata.rtm.lib.HobbyLibService}]
[2015-05-27 10:46:52,487][SpringOsgiExtenderThread-27][sgiExtenderThread-27][INFO ][support.OsgiServiceFactoryBean]-Publishing service under classes [{com.ideal.bigdata.rtm.lib.MarketingFeedbackService}]
[2015-05-27 10:46:52,489][SpringOsgiExtenderThread-27][sgiExtenderThread-27][INFO ][sgiBundleXmlApplicationContext]-Publishing application context as OSGi service with properties {org.springframework.context.service.name=rtm-lib, Bundle-SymbolicName=rtm-lib, Bundle-Version=1.0.0}
[2015-05-27 10:46:52,493][SpringOsgiExtenderThread-27][sgiExtenderThread-27][INFO ][ctivator.ContextLoaderListener]-Application context successfully refreshed (OsgiBundleXmlApplicationContext(bundle=rtm-lib, config=osgibundle:/META-INF/spring/*.xml))
[2015-05-27 10:46:52,494][SpringOsgiExtenderThread-29][sgiExtenderThread-29][INFO ][ort.DefaultListableBeanFactory]-Pre-instantiating singletons in org.springframework.beans.factory.support.DefaultListableBeanFactory@764b3f8b: defining beans [marketingTaskCommandOSGi,marketingTaskServiceOSGi,marketingTaskStatusServiceOSGi,propertiesServiceOSGi,connectionPoolServiceOSGi,appLibServiceOSGi,keywordLibServiceOSGi,urlLibServiceOSGi,idServiceOSGi,marketingTaskCommandBean,marketingTaskServiceBean,marketingTaskDAOMysqlBean,marketingTaskStatusServiceBean,marketingTaskStatusDAOMysqlBean]; root of factory hierarchy
[2015-05-27 10:46:56,612][SpringOsgiExtenderThread-29][sgiExtenderThread-29][INFO ][support.OsgiServiceFactoryBean]-Publishing service under classes [{com.ideal.bigdata.rtm.task.MarketingTaskCommand, org.eclipse.osgi.framework.console.CommandProvider}]
[2015-05-27 10:46:56,617][SpringOsgiExtenderThread-29][sgiExtenderThread-29][INFO ][support.OsgiServiceFactoryBean]-Publishing service under classes [{com.ideal.bigdata.rtm.task.MarketingTaskService}]
[2015-05-27 10:46:56,618][SpringOsgiExtenderThread-29][sgiExtenderThread-29][INFO ][artup.DependencyServiceManager]-No unsatisfied OSGi service dependencies; completing initialization for OsgiBundleXmlApplicationContext(bundle=rtm-result, config=osgibundle:/META-INF/spring/*.xml)
[2015-05-27 10:46:56,620][SpringOsgiExtenderThread-29][sgiExtenderThread-29][INFO ][support.OsgiServiceFactoryBean]-Publishing service under classes [{com.ideal.bigdata.rtm.task.MarketingTaskStatusService}]
[2015-05-27 10:46:56,621][SpringOsgiExtenderThread-29][sgiExtenderThread-29][INFO ][sgiBundleXmlApplicationContext]-Publishing application context as OSGi service with properties {org.springframework.context.service.name=rtm-task, Bundle-SymbolicName=rtm-task, Bundle-Version=1.0.0}
[2015-05-27 10:46:56,623][SpringOsgiExtenderThread-29][sgiExtenderThread-29][INFO ][ctivator.ContextLoaderListener]-Application context successfully refreshed (OsgiBundleXmlApplicationContext(bundle=rtm-task, config=osgibundle:/META-INF/spring/*.xml))
[2015-05-27 10:46:56,639][SpringOsgiExtenderThread-30][sgiExtenderThread-30][INFO ][ort.DefaultListableBeanFactory]-Pre-instantiating singletons in org.springframework.beans.factory.support.DefaultListableBeanFactory@3f8771dc: defining beans [marketingRuleResultCommandOSGi,marketingRuleResultServiceOSGi,propertiesServiceOSGi,connectionPoolServiceOSGi,whiteListServiceOSGi,sendingRuleServiceOSGi,idServiceOSGi,pluginServiceOSGi,marketingTaskServiceOSGi,cacheServiceOSGi,sendingRuleResultServiceOSGi,marketingRuleResultCommandBean,marketingRuleResultServiceBean,marketingRuleResultDAOMysqlBean]; root of factory hierarchy
[2015-05-27 10:46:56,660][SpringOsgiExtenderThread-30][sgiExtenderThread-30][INFO ][support.OsgiServiceFactoryBean]-Publishing service under classes [{com.ideal.bigdata.rtm.result.MarketingRuleResultCommand, org.eclipse.osgi.framework.console.CommandProvider}]
[2015-05-27 10:46:56,663][SpringOsgiExtenderThread-30][sgiExtenderThread-30][INFO ][support.OsgiServiceFactoryBean]-Publishing service under classes [{com.ideal.bigdata.rtm.result.MarketingRuleResultService}]
[2015-05-27 10:46:56,664][SpringOsgiExtenderThread-30][sgiExtenderThread-30][INFO ][artup.DependencyServiceManager]-No unsatisfied OSGi service dependencies; completing initialization for OsgiBundleXmlApplicationContext(bundle=rtm-core, config=osgibundle:/META-INF/spring/*.xml)
[2015-05-27 10:46:56,665][SpringOsgiExtenderThread-30][sgiExtenderThread-30][INFO ][sgiBundleXmlApplicationContext]-Publishing application context as OSGi service with properties {org.springframework.context.service.name=rtm-result, Bundle-SymbolicName=rtm-result, Bundle-Version=1.0.0}
[2015-05-27 10:46:56,666][SpringOsgiExtenderThread-30][sgiExtenderThread-30][INFO ][ctivator.ContextLoaderListener]-Application context successfully refreshed (OsgiBundleXmlApplicationContext(bundle=rtm-result, config=osgibundle:/META-INF/spring/*.xml))
[2015-05-27 10:46:56,685][SpringOsgiExtenderThread-31][sgiExtenderThread-31][INFO ][ort.DefaultListableBeanFactory]-Pre-instantiating singletons in org.springframework.beans.factory.support.DefaultListableBeanFactory@1e731e90: defining beans [rtmCoreCommandOSGi,realtimeResultServiceOSGi,marketingTaskServiceOSGi,marketingRuleServiceOSGi,marketingRuleResultServiceOSGi,propertiesServiceOSGi,connectionPoolServiceOSGi,rtmCoreCommandBean,realtimeResultServiceBean,appRealtimeResultMysqlDAOBean,keywordRealtimeResultMysqlDAOBean,urlRealtimeResultMysqlDAOBean]; root of factory hierarchy
[2015-05-27 10:46:56,709][SpringOsgiExtenderThread-31][sgiExtenderThread-31][INFO ][support.OsgiServiceFactoryBean]-Publishing service under classes [{com.ideal.bigdata.rtm.core.RTMCoreCommand, org.eclipse.osgi.framework.console.CommandProvider}]
[2015-05-27 10:46:56,712][SpringOsgiExtenderThread-31][sgiExtenderThread-31][INFO ][support.OsgiServiceFactoryBean]-Publishing service under classes [{com.ideal.bigdata.rtm.core.RealtimeResultService}]
[2015-05-27 10:46:56,713][SpringOsgiExtenderThread-31][sgiExtenderThread-31][INFO ][artup.DependencyServiceManager]-No unsatisfied OSGi service dependencies; completing initialization for OsgiBundleXmlApplicationContext(bundle=rtm-api, config=osgibundle:/META-INF/spring/*.xml)
[2015-05-27 10:46:56,714][SpringOsgiExtenderThread-31][sgiExtenderThread-31][INFO ][sgiBundleXmlApplicationContext]-Publishing application context as OSGi service with properties {org.springframework.context.service.name=rtm-core, Bundle-SymbolicName=rtm-core, Bundle-Version=1.0.0}
[2015-05-27 10:46:56,715][SpringOsgiExtenderThread-31][sgiExtenderThread-31][INFO ][ctivator.ContextLoaderListener]-Application context successfully refreshed (OsgiBundleXmlApplicationContext(bundle=rtm-core, config=osgibundle:/META-INF/spring/*.xml))
[2015-05-27 10:46:56,748][SpringOsgiExtenderThread-32][sgiExtenderThread-32][INFO ][ort.DefaultListableBeanFactory]-Pre-instantiating singletons in org.springframework.beans.factory.support.DefaultListableBeanFactory@1330b13c: defining beans [rtmRMIServiceOSGi,apiCommandOSGi,connectionPoolServiceOSGi,propertiesServiceOSGi,appLibServiceOSGi,keywordLibServiceOSGi,urlLibServiceOSGi,hobbyLibServiceOSGi,realtimeResultServiceOSGi,whiteListServiceOSGi,marketingRuleServiceOSGi,marketingTaskServiceOSGi,sendingRuleServiceOSGi,taskMessageContentServiceOSGi,pluginServiceOSGi,rtmRMIServiceBean,appLibApiServiceBean,keywordLibApiServiceBean,urlLibApiServiceBean,hobbyLibApiServiceBean,realtimeResultApiServiceBean,whiteListApiServiceBean,marketingRuleApiServiceBean,marketingTaskApiServiceBean,sendingRuleApiServiceBean,taskMessageContentApiServiceBean,pluginApiServiceBean,apiCommandBean]; root of factory hierarchy
[2015-05-27 10:46:56,945][SpringOsgiExtenderThread-32][sgiExtenderThread-32][INFO ][support.OsgiServiceFactoryBean]-Publishing service under classes [{com.ideal.bigdata.rtm.api.RTMRMIService}]
[2015-05-27 10:46:56,952][SpringOsgiExtenderThread-32][sgiExtenderThread-32][INFO ][support.OsgiServiceFactoryBean]-Publishing service under classes [{com.ideal.bigdata.rtm.api.RTMAPICommand, org.eclipse.osgi.framework.console.CommandProvider}]
[2015-05-27 10:46:56,954][SpringOsgiExtenderThread-32][sgiExtenderThread-32][INFO ][sgiBundleXmlApplicationContext]-Publishing application context as OSGi service with properties {org.springframework.context.service.name=rtm-api, Bundle-SymbolicName=rtm-api, Bundle-Version=1.0.0}
[2015-05-27 10:46:56,955][SpringOsgiExtenderThread-32][sgiExtenderThread-32][INFO ][ctivator.ContextLoaderListener]-Application context successfully refreshed (OsgiBundleXmlApplicationContext(bundle=rtm-api, config=osgibundle:/META-INF/spring/*.xml))
